\BOOKMARK [1][-]{toc.1}{\376\377\000C\000o\000n\000t\000e\000n\000t\000s}{}% 1
\BOOKMARK [1][-]{toc (detailed).1}{\376\377\000C\000o\000n\000t\000e\000n\000t\000s\000\040\000\050\000d\000e\000t\000a\000i\000l\000e\000d\000\051}{}% 2
\BOOKMARK [0][-]{chapter.1}{\376\377\000T\000h\000e\000\040\000U\000s\000a\000g\000e\000\040\000o\000f\000\040\000T\000h\000i\000s\000\040\000N\000o\000t\000e}{}% 3
\BOOKMARK [0][-]{chapter.2}{\376\377\000C\000O\0002}{}% 4
\BOOKMARK [0][-]{chapter.3}{\376\377\000C\000o\000m\000p\000u\000t\000e\000r\000\040\000L\000a\000n\000g\000u\000g\000e}{}% 5
\BOOKMARK [1][-]{section.3.1}{\376\377\000b\000l\000e\000n\000d\000e\000r}{chapter.3}% 6
\BOOKMARK [1][-]{section.3.2}{\376\377\000O\000S\000X}{chapter.3}% 7
\BOOKMARK [1][-]{section.3.3}{\376\377\000p\000y\000t\000h\000o\000n}{chapter.3}% 8
\BOOKMARK [1][-]{section.3.4}{\376\377\000F\000o\000r\000t\000r\000a\000n}{chapter.3}% 9
\BOOKMARK [1][-]{section.3.5}{\376\377\000E\000l\000e\000m\000e\000n\000t\000a\000l\000\040\000P\000r\000o\000c\000e\000d\000u\000r\000e\000s}{chapter.3}% 10
\BOOKMARK [1][-]{section.3.6}{\376\377\000l\000i\000n\000u\000x}{chapter.3}% 11
\BOOKMARK [1][-]{section.3.7}{\376\377\000C\000+\000+}{chapter.3}% 12
\BOOKMARK [0][-]{chapter.4}{\376\377\000L\000a\000t\000e\000x}{}% 13
\BOOKMARK [1][-]{section.4.1}{\376\377\000\040\000M\000a\000c\000T\000e\000X\000\040\221\115\177\156\116\055\145\207\145\057\143\001}{chapter.4}% 14
\BOOKMARK [1][-]{section.4.2}{\376\377\000t\000e\000x\000m\000a\000k\000e\000r}{chapter.4}% 15
\BOOKMARK [1][-]{section.4.3}{\376\377\000c\000o\000m\000p\000i\000l\000e\000\040\000l\000a\000t\000e\000x\000\040\000u\000s\000i\000n\000g\000\040\000t\000e\000r\000m\000i\000n\000a\000l}{chapter.4}% 16
\BOOKMARK [1][-]{section.4.4}{\376\377\000L\000a\000t\000e\000x\000\040\000+\000\040\000s\000u\000b\000l\000i\000m\000e}{chapter.4}% 17
\BOOKMARK [0][-]{chapter.5}{\376\377\000L\000y\000x}{}% 18
\BOOKMARK [0][-]{chapter.6}{\376\377\000T\000o\000o\000l\000s}{}% 19
\BOOKMARK [1][-]{section.6.1}{\376\377\000s\000u\000b\000l\000i\000m\000e}{chapter.6}% 20
\BOOKMARK [1][-]{section.6.2}{\376\377\000g\000i\000t\000\040\000a\000n\000d\000\040\000g\000i\000t\000h\000u\000b}{chapter.6}% 21
\BOOKMARK [1][-]{section.6.3}{\376\377\000T\000e\000r\000m\000i\000n\000a\000l}{chapter.6}% 22
\BOOKMARK [1][-]{section.6.4}{\376\377\000S\000h\000e\000l\000l}{chapter.6}% 23
\BOOKMARK [0][-]{chapter.7}{\376\377\000M\000K\000L}{}% 24
\BOOKMARK [1][-]{section.7.1}{\376\377\000S\000e\000t\000\040\000t\000h\000e\000\040\000p\000e\000r\000m\000a\000n\000e\000n\000t\000l\000y\000\040\000e\000n\000v\000i\000r\000o\000n\000m\000e\000n\000t\000\040\000v\000a\000r\000i\000a\000b\000l\000e\000s}{chapter.7}% 25
\BOOKMARK [1][-]{section.7.2}{\376\377\000U\000s\000i\000n\000g\000\040\000M\000K\000L}{chapter.7}% 26
\BOOKMARK [0][-]{chapter.8}{\376\377\211\177\145\271\124\362\133\146}{}% 27
\BOOKMARK [1][-]{section.8.1}{\376\377\173\054\116\000\145\366\147\037\377\032\201\352\161\066\171\351\136\217}{chapter.8}% 28
\BOOKMARK [1][-]{section.8.2}{\376\377\146\172\200\005\155\076\124\214\202\317\150\074\142\311\136\225}{chapter.8}% 29
\BOOKMARK [0][-]{chapter.9}{\376\377\000i\000n\000s\000t\000a\000l\000l\000\040\000o\000w\000n\000c\000l\000o\000u\000d\000\040\000o\000n\000\040\000u\000b\000u\000n\000t\000u}{}% 30
\BOOKMARK [0][-]{chapter.10}{\376\377\000B\000l\000e\000n\000d\000e\000r}{}% 31
\BOOKMARK [1][-]{section.10.1}{\376\377\000T\000h\000e\000\040\000p\000y\000t\000h\000o\000n\000\040\000f\000i\000l\000e\000\040\000f\000o\000r\000\040\000m\000o\000v\000i\000n\000g\000\040\000o\000b\000j\000e\000c\000t}{chapter.10}% 32
