\BOOKMARK [1][-]{toc.1}{\376\377\000C\000o\000n\000t\000e\000n\000t\000s}{}% 1
\BOOKMARK [1][-]{toc (detailed).1}{\376\377\000C\000o\000n\000t\000e\000n\000t\000s\000\040\000\050\000d\000e\000t\000a\000i\000l\000e\000d\000\051}{}% 2
\BOOKMARK [0][-]{chapter.1}{\376\377\000C\000O\0002}{}% 3
\BOOKMARK [0][-]{chapter.2}{\376\377\000C\000o\000m\000p\000u\000t\000e\000r\000\040\000L\000a\000n\000g\000u\000g\000e}{}% 4
\BOOKMARK [1][-]{section.2.1}{\376\377\000b\000l\000e\000n\000d\000e\000r}{chapter.2}% 5
\BOOKMARK [1][-]{section.2.2}{\376\377\000O\000S\000X}{chapter.2}% 6
\BOOKMARK [1][-]{section.2.3}{\376\377\000p\000y\000t\000h\000o\000n}{chapter.2}% 7
\BOOKMARK [1][-]{section.2.4}{\376\377\000F\000o\000r\000t\000r\000a\000n}{chapter.2}% 8
\BOOKMARK [1][-]{section.2.5}{\376\377\000l\000i\000n\000u\000x}{chapter.2}% 9
\BOOKMARK [1][-]{section.2.6}{\376\377\000C\000+\000+}{chapter.2}% 10
\BOOKMARK [0][-]{chapter.3}{\376\377\000L\000a\000t\000e\000x}{}% 11
\BOOKMARK [1][-]{section.3.1}{\376\377\000t\000e\000x\000m\000a\000k\000e\000r}{chapter.3}% 12
\BOOKMARK [1][-]{section.3.2}{\376\377\000c\000o\000m\000p\000i\000l\000e\000\040\000l\000a\000t\000e\000x\000\040\000u\000s\000i\000n\000g\000\040\000t\000e\000r\000m\000i\000n\000a\000l}{chapter.3}% 13
\BOOKMARK [1][-]{section.3.3}{\376\377\000L\000a\000t\000e\000x\000\040\000+\000\040\000s\000u\000b\000l\000i\000m\000e}{chapter.3}% 14
\BOOKMARK [0][-]{chapter.4}{\376\377\000L\000y\000x}{}% 15
\BOOKMARK [1][-]{section.4.1}{\376\377\000s\000u\000b\000l\000i\000m\000e}{chapter.4}% 16
\BOOKMARK [0][-]{chapter.5}{\376\377\211\177\145\271\124\362\133\146}{}% 17
\BOOKMARK [1][-]{section.5.1}{\376\377\173\054\116\000\145\366\147\037\377\032\201\352\161\066\171\351\136\217}{chapter.5}% 18
\BOOKMARK [1][-]{section.5.2}{\376\377\146\172\200\005\155\076\124\214\202\317\150\074\142\311\136\225}{chapter.5}% 19
\BOOKMARK [0][-]{chapter.6}{\376\377\000i\000n\000s\000t\000a\000l\000l\000\040\000o\000w\000n\000c\000l\000o\000u\000d\000\040\000o\000n\000\040\000u\000b\000u\000n\000t\000u}{}% 20
\BOOKMARK [0][-]{chapter.7}{\376\377\000B\000l\000e\000n\000d\000e\000r}{}% 21
\BOOKMARK [1][-]{section.7.1}{\376\377\000T\000h\000e\000\040\000p\000y\000t\000h\000o\000n\000\040\000f\000i\000l\000e\000\040\000f\000o\000r\000\040\000m\000o\000v\000i\000n\000g\000\040\000o\000b\000j\000e\000c\000t}{chapter.7}% 22
